INFO [2025-02-12 23:01:54] $x
INFO [2025-02-12 23:01:54] list(set1, set2)
INFO [2025-02-12 23:01:54] 
INFO [2025-02-12 23:01:54] $category.names
INFO [2025-02-12 23:01:54] c("符号", "语言")
INFO [2025-02-12 23:01:54] 
INFO [2025-02-12 23:01:54] $filename
INFO [2025-02-12 23:01:54] [1] "venn.png"
INFO [2025-02-12 23:01:54] 
INFO [2025-02-12 23:01:54] $ilcs
INFO [2025-02-12 23:01:54] [1] FALSE
INFO [2025-02-12 23:01:54] 
INFO [2025-02-12 23:01:54] $cex
INFO [2025-02-12 23:01:54] [1] 1.2
INFO [2025-02-12 23:01:54] 
INFO [2025-02-12 23:01:54] $cat.col
INFO [2025-02-12 23:01:54] c("darkred", "darkgreen")
INFO [2025-02-12 23:01:54] 
INFO [2025-02-12 23:01:54] $cat.cex
INFO [2025-02-12 23:01:54] [1] 1.5
INFO [2025-02-12 23:01:54] 
